| Run on Fri Jun 28 11:07:20 2024
|
|Input file:
|--------------------------------------------------------------
|Sample input file for GB and PB calculation
|
|&general
|startframe=5, endframe=100, interval=5,
|verbose=2, keep_files=0,
|/
|
|&gb
|igb=5, saltcon=0.150,
|/
|
|#&pb
|#istrng=0.150, indi=2, emem=2,
|#/
|
|&decomp
|csv_format=1, dec_verbose=0,
|idecomp=3,
|/
|
|
|--------------------------------------------------------------
|MMPBSA.py Version=14.0
|Solvated complex topology file:  ../1_prep/nme1/nme1.solv.prmtop
|Complex topology file:           6.nme1.com.dry.prmtop
|Receptor topology file:          6.nme1.rec.dry.prmtop
|Ligand topology file:            6.nme1.lig.dry.prmtop
|Initial mdcrd(s):                ../1_prep/nme1/3.nme1.prod.200.crd
|
|Receptor mask:                  ":1-149,299-894"
|Ligand mask:                    ":150-298"
|
|Calculations performed using 20.0 complex frames.
|
|Generalized Born ESURF calculated using 'LCPO' surface areas
|
|All units are reported in kcal/mole.
-------------------------------------------------------------------------------
-------------------------------------------------------------------------------

GENERALIZED BORN:

Complex:
Energy Component            Average              Std. Dev.   Std. Err. of Mean
-------------------------------------------------------------------------------
BOND                      2759.5632               43.0725              9.6313
ANGLE                     7422.6052               55.9536             12.5116
DIHED                    11002.8806               48.0116             10.7357
VDWAALS                  -7621.0445               38.3076              8.5658
EEL                     -63793.0161              118.6105             26.5221
1-4 VDW                   3272.9839               18.4882              4.1341
1-4 EEL                  38032.3753               78.6051             17.5766
EGB                     -10838.1851              115.1758             25.7541
ESURF                      254.3838                2.6992              0.6036

G gas                    -8923.6524              131.8987             29.4934
G solv                  -10583.8013              113.9076             25.4705

TOTAL                   -19507.4537               66.6682             14.9075


Receptor:
Energy Component            Average              Std. Dev.   Std. Err. of Mean
-------------------------------------------------------------------------------
BOND                      2301.0893               37.1993              8.3180
ANGLE                     6184.5669               49.4497             11.0573
DIHED                     9164.5374               45.9673             10.2786
VDWAALS                  -6216.6259               35.5437              7.9478
EEL                     -53006.6655               97.5747             21.8184
1-4 VDW                   2729.0092               13.7047              3.0645
1-4 EEL                  31702.1543               62.5178             13.9794
EGB                      -9262.9137               98.0422             21.9229
ESURF                      228.7587                2.5748              0.5757

G gas                    -7141.9344              121.6476             27.2012
G solv                   -9034.1550               97.0523             21.7015

TOTAL                   -16176.0894               58.3578             13.0492


Ligand:
Energy Component            Average              Std. Dev.   Std. Err. of Mean
-------------------------------------------------------------------------------
BOND                       458.4739               22.2581              4.9771
ANGLE                     1238.0383               20.8604              4.6645
DIHED                     1838.3432               17.0594              3.8146
VDWAALS                  -1128.8800               16.3278              3.6510
EEL                     -10485.4804               50.5999             11.3145
1-4 VDW                    543.9747                9.5351              2.1321
1-4 EEL                   6330.2210               27.8347              6.2240
EGB                      -2038.5526               45.1270             10.0907
ESURF                       59.9323                1.2799              0.2862

G gas                    -1205.3093               59.1047             13.2162
G solv                   -1978.6203               44.3577              9.9187

TOTAL                    -3183.9295               32.5213              7.2720


Differences (Complex - Receptor - Ligand):
Energy Component            Average              Std. Dev.   Std. Err. of Mean
-------------------------------------------------------------------------------
BOND                         0.0000                0.0000              0.0000
ANGLE                        0.0000                0.0000              0.0000
DIHED                        0.0000                0.0000              0.0000
VDWAALS                   -275.5386                8.6801              1.9409
EEL                       -300.8702               39.8260              8.9054
1-4 VDW                      0.0000                0.0000              0.0000
1-4 EEL                      0.0000                0.0000              0.0000
EGB                        463.2812               34.7758              7.7761
ESURF                      -34.3072                0.5732              0.1282

DELTA G gas               -576.4087               38.0351              8.5049
DELTA G solv               428.9740               34.7133              7.7621

DELTA TOTAL               -147.4348                8.5068              1.9022


-------------------------------------------------------------------------------
-------------------------------------------------------------------------------
